login/build/intermediates/manifest_merge_blame_file/debug/manifest-merger-blame-debug-report.txt
1<?xml version="1.0" encoding="utf-8"?>
2<manifest xmlns:android="http://schemas.android.com/apk/res/android"
3    xmlns:tools="http://schemas.android.com/tools"
4    package="com.wsl.login" >
5
6    <uses-sdk
7        android:minSdkVersion="26"
7-->src/main/AndroidManifest.xml
8        android:targetSdkVersion="32" />
8-->src/main/AndroidManifest.xml
9
10    <uses-permission android:name="android.permission.INTERNET" />
10-->src/main/AndroidManifest.xml:6:5-67
10-->src/main/AndroidManifest.xml:6:22-64
11    <uses-permission android:name="android.permission.ACCESS_NETWORK_STATE" />
11-->src/main/AndroidManifest.xml:7:5-79
11-->src/main/AndroidManifest.xml:7:22-76
12    <uses-permission android:name="android.permission.SYSTEM_ALERT_WINDOW" />
12-->src/main/AndroidManifest.xml:8:5-78
12-->src/main/AndroidManifest.xml:8:22-75
13
14    <application
14-->src/main/AndroidManifest.xml:10:5-20:19
15        android:name="com.wsl.login.LoginApplication"
15-->src/main/AndroidManifest.xml:12:9-41
16        android:networkSecurityConfig="@xml/network_security_config" >
16-->src/main/AndroidManifest.xml:11:9-69
17        <activity
17-->src/main/AndroidManifest.xml:14:9-17:15
18            android:name="com.wsl.login.login.WSLoginActivity"
18-->src/main/AndroidManifest.xml:15:13-50
19            android:exported="true" />
19-->src/main/AndroidManifest.xml:16:13-36
20    </application>
21
22</manifest>